0 silly input [ 'start' ]
1 silly flags { _: [ 'run' ],
1 silly flags   'reject-cycles': false,
1 silly flags   rejectCycles: false,
1 silly flags   stream: true,
1 silly flags   parallel: true,
1 silly flags   script: 'start',
1 silly flags   args: [] }
2 verbose rootPath /Users/leonelaguzman/Documents/Clients/resonance-master
3 info version 2.11.0
4 silly existsSync /Users/leonelaguzman/Documents/Clients/resonance-master/VERSION
5 silly initialize attempt
6 silly initialize success
7 silly execute attempt
8 info run in 3 package(s): npm run start
9 silly runScriptInPackageStreaming [ 'start', [], 'core' ]
10 silly getExecOpts { cwd: '/Users/leonelaguzman/Documents/Clients/resonance-master/packages/core' }
11 silly runScriptInPackageStreaming [ 'start', [], 'ui-components' ]
12 silly getExecOpts { cwd: '/Users/leonelaguzman/Documents/Clients/resonance-master/packages/ui-components' }
13 silly runScriptInPackageStreaming [ 'start', [], 'web-client' ]
14 silly getExecOpts { cwd: '/Users/leonelaguzman/Documents/Clients/resonance-master/web-client' }
15 error execute callback with error
16 error Error: Command failed: yarn run start
16 error module.js:545
16 error     throw err;
16 error     ^
16 error
16 error Error: Cannot find module 'react-scripts/package.json'
16 error     at Function.Module._resolveFilename (module.js:543:15)
16 error     at Function.resolve (internal/module.js:18:19)
16 error     at Object.<anonymous> (/usr/local/Cellar/node/10.9.0/lib/node_modules/react-app-rewired/scripts/utils/paths.js:27:11)
16 error     at Module._compile (module.js:649:30)
16 error     at Object.Module._extensions..js (module.js:660:10)
16 error     at Module.load (module.js:561:32)
16 error     at tryModuleLoad (module.js:501:12)
16 error     at Function.Module._load (module.js:493:3)
16 error     at Module.require (module.js:593:17)
16 error     at require (internal/module.js:11:18)
16 error error Command failed with exit code 1.
16 error
16 error $ react-app-rewired start
16 error info Visit https://yarnpkg.com/en/docs/cli/run for documentation about this command.
16 error
16 error     at Promise.all.then.arr (/Users/leonelaguzman/Documents/Clients/resonance-master/node_modules/lerna/node_modules/execa/index.js:236:11)
16 error     at <anonymous>
